[info]12-25 07:55:27: 当前版本：F:\web2020\gapi\app\v1.0.0
[info]12-25 07:56:16: 当前版本：version 1.0.0
[info]12-25 07:57:08: 当前版本：version 1.0.0 - GAPI
[info]12-25 07:57:17: 当前版本：version 1.0.0 - GAPI
[info]12-25 07:57:17: 当前版本：version 1.0.0 - GAPI
[info]12-25 07:57:17: 当前版本：version 1.0.0 - GAPI
[info]12-25 07:57:18: 当前版本：version 1.0.0 - GAPI
[info]12-25 07:57:18: 当前版本：version 1.0.0 - GAPI
[info]12-25 07:57:23: 当前版本：version 1.0.1 - GAPI
[info]12-25 07:57:34: 当前版本：version 1.0.1 - GAPI
[info]12-25 08:01:14: 当前版本：version 1.0.0 - GAPI
[info]12-25 08:01:14: 加载文件:F:\web2020\gapi\app\v1.0.0\home\controller\Index.php
[info]12-25 08:04:18: 当前版本：version 1.0.0 - GAPI
[info]12-25 08:04:58: 当前版本：version 1.0.0 - GAPI
[info]12-25 08:05:13: 当前版本：version 1.0.0 - GAPI
[info]12-25 08:05:13: 当前版本：version 1.0.0 - GAPI
[info]12-25 08:05:21: 当前版本：version 1.0.0 - GAPI
[info]12-25 08:05:29: 当前版本：version 1.0.0 - GAPI
[info]12-25 08:05:41: 当前版本：version 1.0.0 - GAPI
[info]12-25 08:05:46: 当前版本：version 1.0.0 - GAPI
[info]12-25 08:06:00: 当前版本：version 1.0.0 - GAPI
[info]12-25 08:06:00: 加载文件:F:\web2020\gapi\app\v1.0.0\home\controller\Index.php
[info]12-25 08:06:49: 当前版本：version 1.0.0 - GAPI
[info]12-25 08:06:50: 当前版本：version 1.0.0 - GAPI
[info]12-25 08:06:50: 当前版本：version 1.0.0 - GAPI
[info]12-25 08:07:07: 当前版本：version 1.0.0 - GAPI
[info]12-25 08:07:07: 加载文件:F:\web2020\gapi\app\v1.0.0\home\controller\Index.php
[info]12-25 08:07:26: 当前版本：version 1.0.0 - GAPI
[info]12-25 08:07:26: 加载文件:F:\web2020\gapi\app\v1.0.0\home\controller\Index.php
[info]12-25 08:07:26: test1
[info]12-25 08:07:26: test12
[info]12-25 08:07:26: test13
[info]12-25 08:07:30: 当前版本：version 1.0.0 - GAPI
[info]12-25 08:07:30: 加载文件:F:\web2020\gapi\app\v1.0.0\home\controller\Index.php
[info]12-25 08:07:30: test1
[info]12-25 08:07:30: test12
[info]12-25 08:07:30: test13
[info]12-25 08:08:35: 当前版本：version 1.0.0 - GAPI
[info]12-25 08:08:35: 加载文件:F:\web2020\gapi\app\v1.0.0\home\controller\Index.php
[info]12-25 08:08:35: test1
[info]12-25 08:08:35: test12
[info]12-25 08:08:35: test13
[info]12-25 08:08:36: 当前版本：version 1.0.0 - GAPI
[info]12-25 08:08:36: 加载文件:F:\web2020\gapi\app\v1.0.0\home\controller\Index.php
[info]12-25 08:08:36: test1
[info]12-25 08:08:36: test12
[info]12-25 08:08:36: test13
[info]12-25 08:08:36: 当前版本：version 1.0.0 - GAPI
[info]12-25 08:08:36: 加载文件:F:\web2020\gapi\app\v1.0.0\home\controller\Index.php
[info]12-25 08:08:36: test1
[info]12-25 08:08:36: test12
[info]12-25 08:08:36: test13
[info]12-25 08:08:39: 当前版本：version 1.0.0 - GAPI
[info]12-25 08:08:39: 加载文件:F:\web2020\gapi\app\v1.0.0\home\controller\Index.php
[info]12-25 08:08:39: test1
[info]12-25 08:08:39: test12
[info]12-25 08:08:39: test13
[info]12-25 08:08:41: 当前版本：version 1.0.0 - GAPI
[info]12-25 08:08:41: 加载文件:F:\web2020\gapi\app\v1.0.0\home\controller\Index.php
[info]12-25 08:08:41: test1
[info]12-25 08:08:41: test12
[info]12-25 08:08:41: test13
[info]12-25 08:08:49: 当前版本：version 1.0.0 - GAPI
[info]12-25 08:08:49: 当前版本：version 1.0.0 - GAPI
[info]12-25 08:08:49: 当前版本：version 1.0.0 - GAPI
[info]12-25 08:08:50: 当前版本：version 1.0.0 - GAPI
[info]12-25 08:08:50: 当前版本：version 1.0.0 - GAPI
[info]12-25 08:08:51: 当前版本：version 1.0.0 - GAPI
[info]12-25 08:09:37: 加载文件:F:\web2020\gapi\app\v1.0.0\home\controller\Index.php
[info]12-25 08:09:37: test1
[info]12-25 08:09:37: test12
[info]12-25 08:09:37: test13
[info]12-25 08:10:17: 当前版本：version 1.0.0 - GAPI
[info]12-25 08:10:17: 加载文件:F:\web2020\gapi\app\v1.0.0\home\controller\Index.php
[info]12-25 08:10:17: test1
[info]12-25 08:10:17: test12
[info]12-25 08:10:17: test13
[info]12-25 08:10:20: 当前版本：version 1.0.0 - GAPI
[info]12-25 08:10:21: 加载文件:F:\web2020\gapi\app\v1.0.0\home\controller\Index.php
[info]12-25 08:10:21: test1
[info]12-25 08:10:21: test12
[info]12-25 08:10:21: test13
[info]12-25 08:10:36: 当前版本：version 1.0.0 - GAPI
[info]12-25 08:10:36: 加载文件:F:\web2020\gapi\app\v1.0.0\home\controller\Index.php
[info]12-25 08:10:36: test1
[info]12-25 08:10:36: test12
[info]12-25 08:10:36: test13
[info]12-25 08:12:56: 当前版本：version 1.0.0 - GAPI
[info]12-25 08:12:56: 加载文件:F:\web2020\gapi\app\v1.0.0\home\controller\Index.php
[info]12-25 08:12:56: test1
[info]12-25 08:12:56: test12
[info]12-25 08:12:56: test13
[info]12-25 08:13:48: 当前版本：version 1.0.0 - GAPI
[info]12-25 08:13:48: 加载文件:F:\web2020\gapi\app\v1.0.0\home\controller\Index.php
[info]12-25 08:13:54: 当前版本：version 1.0.0 - GAPI
[info]12-25 08:13:54: 加载文件:F:\web2020\gapi\app\v1.0.0\home\controller\Index.php
[info]12-25 08:14:01: 当前版本：version 1.0.0 - GAPI
[info]12-25 08:14:01: 加载文件:F:\web2020\gapi\app\v1.0.0\home\controller\Index.php
